Arguments: 
  /usr/bin/node /usr/bin/yarn add @sapphire/types

PATH: 
  /usr/local/sbin:/usr/local/bin:/usr/sbin:/usr/bin:/sbin:/bin:/usr/games:/usr/local/games:/snap/bin

Yarn version: 
  1.22.11

Node version: 
  16.8.0

Platform: 
  linux x64

Trace: 
  Error: https://registry.yarnpkg.com/@sapphire%2ftypes: Not found
      at Request.params.callback [as _callback] (/usr/lib/node_modules/yarn/lib/cli.js:66992:18)
      at Request.self.callback (/usr/lib/node_modules/yarn/lib/cli.js:140763:22)
      at Request.emit (node:events:394:28)
      at Request.<anonymous> (/usr/lib/node_modules/yarn/lib/cli.js:141735:10)
      at Request.emit (node:events:394:28)
      at IncomingMessage.<anonymous> (/usr/lib/node_modules/yarn/lib/cli.js:141657:12)
      at Object.onceWrapper (node:events:513:28)
      at IncomingMessage.emit (node:events:406:35)
      at endReadableNT (node:internal/streams/readable:1343:12)
      at processTicksAndRejections (node:internal/process/task_queues:83:21)

npm manifest: 
  {
  	"name": "peppleton-support",
  	"version": "4.0.0",
  	"description": "Support bot for Peppleton. Tracks activity as well as an advanced tickets system",
  	"main": "dist/src/index.js",
  	"author": "DaanGamesDG <daan@daangamesdg.wtf>",
  	"license": "MIT",
  	"private": false,
  	"dependencies": {
  		"@daangamesdg/logger": "^1.1.0",
  		"@prisma/client": "^2.29.1",
  		"@sapphire/decorators": "^2.2.0",
  		"@sapphire/framework": "^2.0.0-next.7a1c5c69.0",
  		"@sapphire/plugin-subcommands": "^1.0.6",
  		"@sapphire/type": "^2.0.11",
  		"@types/body-parser": "^1.19.1",
  		"@types/cookie-parser": "^1.4.2",
  		"@types/cors": "^2.8.12",
  		"@types/express": "^4.17.13",
  		"@types/google-spreadsheet": "^3.1.5",
  		"@types/jsdom": "^16.2.13",
  		"@types/ms": "^0.7.31",
  		"@types/node": "^16.3.1",
  		"@types/twemoji": "^12.1.2",
  		"@typescript-eslint/eslint-plugin": "^4.28.2",
  		"@typescript-eslint/parser": "^4.28.2",
  		"body-parser": "^1.19.0",
  		"cookie-parser": "^1.4.5",
  		"cors": "^2.8.5",
  		"discord.js": "^13.0.1",
  		"dotenv": "^10.0.0",
  		"eslint": "^7.30.0",
  		"express": "^4.17.1",
  		"google-spreadsheet": "^3.1.15",
  		"highlight.js": "^11.2.0",
  		"jsdom": "^17.0.0",
  		"moment": "^2.29.1",
  		"moment-timezone": "^0.5.33",
  		"ms": "^2.1.3",
  		"nanoid": "^3.1.23",
  		"rimraf": "^3.0.2",
  		"simple-markdown": "^0.7.3",
  		"twemoji": "^13.1.0",
  		"typescript": "^4.4.2"
  	},
  	"scripts": {
  		"build": "tsc --build",
  		"start:dev": "npm run build && npm run start",
  		"dev": "nodemon --exec ts-node src/index.ts",
  		"start": "node .",
  		"lint": "eslint src"
  	}
  }

yarn manifest: 
  No manifest

Lockfile: 
  No lockfile
